2022-10-14 01:37:15,296 INFO  [restartedMain] com.RL.ReadLibraryApplication:Starting ReadLibraryApplication using Java 11.0.15 on DESKTOP-9OGT767 with PID 10984 (C:\Users\pc\IdeaProjects\Read_Library\target\classes started by pc in C:\Users\pc\IdeaProjects\Read_Library)
2022-10-14 01:37:15,300 INFO  [restartedMain] com.RL.ReadLibraryApplication:No active profile set, falling back to 1 default profile: "default"
2022-10-14 01:37:15,428 INFO  [restartedMain] org.springframework.boot.devtools.env.DevToolsPropertyDefaultsPostProcessor:Devtools property defaults active! Set 'spring.devtools.add-properties' to 'false' to disable
2022-10-14 01:37:15,429 INFO  [restartedMain] org.springframework.boot.devtools.env.DevToolsPropertyDefaultsPostProcessor:For additional web related logging consider setting the 'logging.level.web' property to 'DEBUG'
2022-10-14 01:37:19,139 INFO  [restartedMain] org.springframework.data.repository.config.RepositoryConfigurationDelegate:Bootstrapping Spring Data JPA repositories in DEFAULT mode.
2022-10-14 01:37:19,433 INFO  [restartedMain] org.springframework.data.repository.config.RepositoryConfigurationDelegate:Finished Spring Data repository scanning in 266 ms. Found 7 JPA repository interfaces.
2022-10-14 01:37:21,593 INFO  [restartedMain] org.springframework.boot.web.embedded.tomcat.TomcatWebServer:Tomcat initialized with port(s): 8080 (http)
2022-10-14 01:37:21,614 INFO  [restartedMain] org.apache.catalina.core.StandardService:Starting service [Tomcat]
2022-10-14 01:37:21,615 INFO  [restartedMain] org.apache.catalina.core.StandardEngine:Starting Servlet engine: [Apache Tomcat/9.0.65]
2022-10-14 01:37:21,958 INFO  [restartedMain] org.apache.catalina.core.ContainerBase.[Tomcat].[localhost].[/]:Initializing Spring embedded WebApplicationContext
2022-10-14 01:37:21,959 INFO  [restartedMain] org.springframework.boot.web.servlet.context.ServletWebServerApplicationContext:Root WebApplicationContext: initialization completed in 6528 ms
2022-10-14 01:37:22,837 INFO  [restartedMain] org.hibernate.jpa.internal.util.LogHelper:HHH000204: Processing PersistenceUnitInfo [name: default]
2022-10-14 01:37:22,988 INFO  [restartedMain] org.hibernate.Version:HHH000412: Hibernate ORM core version 5.6.11.Final
2022-10-14 01:37:23,426 INFO  [restartedMain] org.hibernate.annotations.common.Version:HCANN000001: Hibernate Commons Annotations {5.1.2.Final}
2022-10-14 01:37:23,733 INFO  [restartedMain] com.zaxxer.hikari.HikariDataSource:HikariPool-1 - Starting...
2022-10-14 01:37:25,664 INFO  [restartedMain] com.zaxxer.hikari.HikariDataSource:HikariPool-1 - Start completed.
2022-10-14 01:37:25,704 INFO  [restartedMain] org.hibernate.dialect.Dialect:HHH000400: Using dialect: org.hibernate.dialect.PostgreSQLDialect
2022-10-14 01:37:30,573 INFO  [restartedMain] org.hibernate.engine.transaction.jta.platform.internal.JtaPlatformInitiator:HHH000490: Using JtaPlatform implementation: [org.hibernate.engine.transaction.jta.platform.internal.NoJtaPlatform]
2022-10-14 01:37:30,592 INFO  [restartedMain] org.springframework.orm.jpa.LocalContainerEntityManagerFactoryBean:Initialized JPA EntityManagerFactory for persistence unit 'default'
2022-10-14 01:37:32,815 WARN  [restartedMain] org.springframework.boot.autoconfigure.orm.jpa.JpaBaseConfiguration$JpaWebConfiguration:spring.jpa.open-in-view is enabled by default. Therefore, database queries may be performed during view rendering. Explicitly configure spring.jpa.open-in-view to disable this warning
2022-10-14 01:37:37,254 WARN  [restartedMain] org.springframework.boot.autoconfigure.security.servlet.UserDetailsServiceAutoConfiguration:

Using generated security password: ea82099e-4f89-4b2c-9670-b6d1b28c972a

This generated password is for development use only. Your security configuration must be updated before running your application in production.

2022-10-14 01:37:37,587 INFO  [restartedMain] org.springframework.boot.actuate.endpoint.web.EndpointLinksResolver:Exposing 1 endpoint(s) beneath base path '/actuator'
2022-10-14 01:37:37,636 INFO  [restartedMain] org.springframework.security.web.DefaultSecurityFilterChain:Will secure any request with [org.springframework.security.web.context.request.async.WebAsyncManagerIntegrationFilter@6002bb73, org.springframework.security.web.context.SecurityContextPersistenceFilter@6f7ff463, org.springframework.security.web.header.HeaderWriterFilter@3900dc16, org.springframework.web.filter.CorsFilter@181374cb, org.springframework.security.web.csrf.CsrfFilter@640b32ff, org.springframework.security.web.authentication.logout.LogoutFilter@686befef, org.springframework.security.web.authentication.UsernamePasswordAuthenticationFilter@5a7f1057, org.springframework.security.web.authentication.ui.DefaultLoginPageGeneratingFilter@5637e7d9, org.springframework.security.web.authentication.ui.DefaultLogoutPageGeneratingFilter@628480c0, org.springframework.security.web.authentication.www.BasicAuthenticationFilter@36f99283, org.springframework.security.web.savedrequest.RequestCacheAwareFilter@a892f86, org.springframework.security.web.servletapi.SecurityContextHolderAwareRequestFilter@596a9440, org.springframework.security.web.authentication.AnonymousAuthenticationFilter@535c49a1, org.springframework.security.web.session.SessionManagementFilter@185f0001, org.springframework.security.web.access.ExceptionTranslationFilter@dffc3b, org.springframework.security.web.access.intercept.FilterSecurityInterceptor@2e86cfb2]
2022-10-14 01:37:38,209 INFO  [restartedMain] org.springframework.boot.devtools.autoconfigure.OptionalLiveReloadServer:LiveReload server is running on port 35729
2022-10-14 01:37:38,359 INFO  [restartedMain] org.springframework.boot.web.embedded.tomcat.TomcatWebServer:Tomcat started on port(s): 8080 (http) with context path ''
2022-10-14 01:37:38,874 INFO  [restartedMain] com.RL.ReadLibraryApplication:Started ReadLibraryApplication in 25.09 seconds (JVM running for 31.058)
2022-10-14 01:37:39,634 INFO  [restartedMain] org.springframework.boot.autoconfigure.logging.ConditionEvaluationReportLoggingListener:

Error starting ApplicationContext. To display the conditions report re-run your application with 'debug' enabled.
2022-10-14 01:37:39,714 ERROR [restartedMain] org.springframework.boot.SpringApplication:Application run failed
java.lang.IllegalStateException: Failed to execute CommandLineRunner
	at org.springframework.boot.SpringApplication.callRunner(SpringApplication.java:785)
	at org.springframework.boot.SpringApplication.callRunners(SpringApplication.java:766)
	at org.springframework.boot.SpringApplication.run(SpringApplication.java:314)
	at org.springframework.boot.SpringApplication.run(SpringApplication.java:1317)
	at org.springframework.boot.SpringApplication.run(SpringApplication.java:1306)
	at com.RL.ReadLibraryApplication.main(ReadLibraryApplication.java:10)
	at java.base/jdk.internal.reflect.NativeMethodAccessorImpl.invoke0(Native Method)
	at java.base/jdk.internal.reflect.NativeMethodAccessorImpl.invoke(NativeMethodAccessorImpl.java:62)
	at java.base/jdk.internal.reflect.DelegatingMethodAccessorImpl.invoke(DelegatingMethodAccessorImpl.java:43)
	at java.base/java.lang.reflect.Method.invoke(Method.java:566)
	at org.springframework.boot.devtools.restart.RestartLauncher.run(RestartLauncher.java:49)
Caused by: org.springframework.transaction.TransactionSystemException: Could not commit JPA transaction; nested exception is javax.persistence.RollbackException: Error while committing the transaction
	at org.springframework.orm.jpa.JpaTransactionManager.doCommit(JpaTransactionManager.java:571)
	at org.springframework.transaction.support.AbstractPlatformTransactionManager.processCommit(AbstractPlatformTransactionManager.java:743)
	at org.springframework.transaction.support.AbstractPlatformTransactionManager.commit(AbstractPlatformTransactionManager.java:711)
	at org.springframework.transaction.interceptor.TransactionAspectSupport.commitTransactionAfterReturning(TransactionAspectSupport.java:654)
	at org.springframework.transaction.interceptor.TransactionAspectSupport.invokeWithinTransaction(TransactionAspectSupport.java:407)
	at org.springframework.transaction.interceptor.TransactionInterceptor.invoke(TransactionInterceptor.java:119)
	at org.springframework.aop.framework.ReflectiveMethodInvocation.proceed(ReflectiveMethodInvocation.java:186)
	at org.springframework.dao.support.PersistenceExceptionTranslationInterceptor.invoke(PersistenceExceptionTranslationInterceptor.java:137)
	at org.springframework.aop.framework.ReflectiveMethodInvocation.proceed(ReflectiveMethodInvocation.java:186)
	at org.springframework.data.jpa.repository.support.CrudMethodMetadataPostProcessor$CrudMethodMetadataPopulatingMethodInterceptor.invoke(CrudMethodMetadataPostProcessor.java:174)
	at org.springframework.aop.framework.ReflectiveMethodInvocation.proceed(ReflectiveMethodInvocation.java:186)
	at org.springframework.aop.interceptor.ExposeInvocationInterceptor.invoke(ExposeInvocationInterceptor.java:97)
	at org.springframework.aop.framework.ReflectiveMethodInvocation.proceed(ReflectiveMethodInvocation.java:186)
	at org.springframework.aop.framework.JdkDynamicAopProxy.invoke(JdkDynamicAopProxy.java:215)
	at com.sun.proxy.$Proxy152.saveAll(Unknown Source)
	at com.RL.config.UserSaveConfig.lambda$commandLineRunner1$0(UserSaveConfig.java:35)
	at org.springframework.boot.SpringApplication.callRunner(SpringApplication.java:782)
	... 10 common frames omitted
Caused by: javax.persistence.RollbackException: Error while committing the transaction
	at org.hibernate.internal.ExceptionConverterImpl.convertCommitException(ExceptionConverterImpl.java:81)
	at org.hibernate.engine.transaction.internal.TransactionImpl.commit(TransactionImpl.java:104)
	at org.springframework.orm.jpa.JpaTransactionManager.doCommit(JpaTransactionManager.java:562)
	... 26 common frames omitted
Caused by: javax.validation.ConstraintViolationException: Validation failed for classes [com.RL.domain.User] during persist time for groups [javax.validation.groups.Default, ]
List of constraint violations:[
	ConstraintViolationImpl{interpolatedMessage='Please provide first name', propertyPath=firstName, rootBeanClass=class com.RL.domain.User, messageTemplate='Please provide first name'}
	ConstraintViolationImpl{interpolatedMessage='Please provide last name', propertyPath=lastName, rootBeanClass=class com.RL.domain.User, messageTemplate='Please provide last name'}
	ConstraintViolationImpl{interpolatedMessage='Please provide phone number', propertyPath=phone, rootBeanClass=class com.RL.domain.User, messageTemplate='Please provide phone number'}
	ConstraintViolationImpl{interpolatedMessage='Please provide password', propertyPath=password, rootBeanClass=class com.RL.domain.User, messageTemplate='Please provide password'}
	ConstraintViolationImpl{interpolatedMessage='Please provide email', propertyPath=email, rootBeanClass=class com.RL.domain.User, messageTemplate='Please provide email'}
	ConstraintViolationImpl{interpolatedMessage='Please provide createDate', propertyPath=createDate, rootBeanClass=class com.RL.domain.User, messageTemplate='Please provide createDate'}
	ConstraintViolationImpl{interpolatedMessage='Please provide address', propertyPath=address, rootBeanClass=class com.RL.domain.User, messageTemplate='Please provide address'}
]
	at org.hibernate.cfg.beanvalidation.BeanValidationEventListener.validate(BeanValidationEventListener.java:140)
	at org.hibernate.cfg.beanvalidation.BeanValidationEventListener.onPreInsert(BeanValidationEventListener.java:80)
	at org.hibernate.action.internal.EntityInsertAction.preInsert(EntityInsertAction.java:214)
	at org.hibernate.action.internal.EntityInsertAction.execute(EntityInsertAction.java:100)
	at org.hibernate.engine.spi.ActionQueue.executeActions(ActionQueue.java:604)
	at org.hibernate.engine.spi.ActionQueue.lambda$executeActions$1(ActionQueue.java:478)
	at java.base/java.util.LinkedHashMap.forEach(LinkedHashMap.java:684)
	at org.hibernate.engine.spi.ActionQueue.executeActions(ActionQueue.java:475)
	at org.hibernate.event.internal.AbstractFlushingEventListener.performExecutions(AbstractFlushingEventListener.java:344)
	at org.hibernate.event.internal.DefaultFlushEventListener.onFlush(DefaultFlushEventListener.java:40)
	at org.hibernate.event.service.internal.EventListenerGroupImpl.fireEventOnEachListener(EventListenerGroupImpl.java:107)
	at org.hibernate.internal.SessionImpl.doFlush(SessionImpl.java:1407)
	at org.hibernate.internal.SessionImpl.managedFlush(SessionImpl.java:489)
	at org.hibernate.internal.SessionImpl.flushBeforeTransactionCompletion(SessionImpl.java:3290)
	at org.hibernate.internal.SessionImpl.beforeTransactionCompletion(SessionImpl.java:2425)
	at org.hibernate.engine.jdbc.internal.JdbcCoordinatorImpl.beforeTransactionCompletion(JdbcCoordinatorImpl.java:449)
	at org.hibernate.resource.transaction.backend.jdbc.internal.JdbcResourceLocalTransactionCoordinatorImpl.beforeCompletionCallback(JdbcResourceLocalTransactionCoordinatorImpl.java:183)
	at org.hibernate.resource.transaction.backend.jdbc.internal.JdbcResourceLocalTransactionCoordinatorImpl.access$300(JdbcResourceLocalTransactionCoordinatorImpl.java:40)
	at org.hibernate.resource.transaction.backend.jdbc.internal.JdbcResourceLocalTransactionCoordinatorImpl$TransactionDriverControlImpl.commit(JdbcResourceLocalTransactionCoordinatorImpl.java:281)
	at org.hibernate.engine.transaction.internal.TransactionImpl.commit(TransactionImpl.java:101)
	... 27 common frames omitted
2022-10-14 01:37:40,299 INFO  [restartedMain] org.springframework.orm.jpa.LocalContainerEntityManagerFactoryBean:Closing JPA EntityManagerFactory for persistence unit 'default'
2022-10-14 01:37:40,306 INFO  [restartedMain] com.zaxxer.hikari.HikariDataSource:HikariPool-1 - Shutdown initiated...
2022-10-14 01:37:41,474 INFO  [restartedMain] com.zaxxer.hikari.HikariDataSource:HikariPool-1 - Shutdown completed.
2022-10-14 01:40:22,998 INFO  [restartedMain] com.RL.ReadLibraryApplication:Starting ReadLibraryApplication using Java 11.0.15 on DESKTOP-9OGT767 with PID 11092 (C:\Users\pc\IdeaProjects\Read_Library\target\classes started by pc in C:\Users\pc\IdeaProjects\Read_Library)
2022-10-14 01:40:23,001 INFO  [restartedMain] com.RL.ReadLibraryApplication:No active profile set, falling back to 1 default profile: "default"
2022-10-14 01:40:23,145 INFO  [restartedMain] org.springframework.boot.devtools.env.DevToolsPropertyDefaultsPostProcessor:Devtools property defaults active! Set 'spring.devtools.add-properties' to 'false' to disable
2022-10-14 01:40:23,146 INFO  [restartedMain] org.springframework.boot.devtools.env.DevToolsPropertyDefaultsPostProcessor:For additional web related logging consider setting the 'logging.level.web' property to 'DEBUG'
2022-10-14 01:40:25,358 INFO  [restartedMain] org.springframework.data.repository.config.RepositoryConfigurationDelegate:Bootstrapping Spring Data JPA repositories in DEFAULT mode.
2022-10-14 01:40:25,503 INFO  [restartedMain] org.springframework.data.repository.config.RepositoryConfigurationDelegate:Finished Spring Data repository scanning in 125 ms. Found 7 JPA repository interfaces.
2022-10-14 01:40:26,598 INFO  [restartedMain] org.springframework.boot.web.embedded.tomcat.TomcatWebServer:Tomcat initialized with port(s): 8080 (http)
2022-10-14 01:40:26,620 INFO  [restartedMain] org.apache.catalina.core.StandardService:Starting service [Tomcat]
2022-10-14 01:40:26,621 INFO  [restartedMain] org.apache.catalina.core.StandardEngine:Starting Servlet engine: [Apache Tomcat/9.0.65]
2022-10-14 01:40:26,813 INFO  [restartedMain] org.apache.catalina.core.ContainerBase.[Tomcat].[localhost].[/]:Initializing Spring embedded WebApplicationContext
2022-10-14 01:40:26,815 INFO  [restartedMain] org.springframework.boot.web.servlet.context.ServletWebServerApplicationContext:Root WebApplicationContext: initialization completed in 3668 ms
2022-10-14 01:40:27,266 INFO  [restartedMain] org.hibernate.jpa.internal.util.LogHelper:HHH000204: Processing PersistenceUnitInfo [name: default]
2022-10-14 01:40:27,354 INFO  [restartedMain] org.hibernate.Version:HHH000412: Hibernate ORM core version 5.6.11.Final
2022-10-14 01:40:27,594 INFO  [restartedMain] org.hibernate.annotations.common.Version:HCANN000001: Hibernate Commons Annotations {5.1.2.Final}
2022-10-14 01:40:27,835 INFO  [restartedMain] com.zaxxer.hikari.HikariDataSource:HikariPool-1 - Starting...
2022-10-14 01:40:29,307 INFO  [restartedMain] com.zaxxer.hikari.HikariDataSource:HikariPool-1 - Start completed.
2022-10-14 01:40:29,347 INFO  [restartedMain] org.hibernate.dialect.Dialect:HHH000400: Using dialect: org.hibernate.dialect.PostgreSQLDialect
2022-10-14 01:40:31,769 WARN  [restartedMain] org.hibernate.engine.jdbc.spi.SqlExceptionHelper:SQL Warning Code: 0, SQLState: 00000
2022-10-14 01:40:31,769 WARN  [restartedMain] org.hibernate.engine.jdbc.spi.SqlExceptionHelper:drop cascades to constraint fklv2to5ht6d3kgtcnsed4kmojw on table loan
2022-10-14 01:40:32,142 WARN  [restartedMain] org.hibernate.engine.jdbc.spi.SqlExceptionHelper:SQL Warning Code: 0, SQLState: 00000
2022-10-14 01:40:32,143 WARN  [restartedMain] org.hibernate.engine.jdbc.spi.SqlExceptionHelper:drop cascades to constraint fk8wfxcmwqx0nuq8sxbm64jjumw on table tbl_user_roles
2022-10-14 01:40:32,230 WARN  [restartedMain] org.hibernate.engine.jdbc.spi.SqlExceptionHelper:SQL Warning Code: 0, SQLState: 00000
2022-10-14 01:40:32,231 WARN  [restartedMain] org.hibernate.engine.jdbc.spi.SqlExceptionHelper:drop cascades to 2 other objects
2022-10-14 01:40:33,775 INFO  [restartedMain] org.hibernate.engine.transaction.jta.platform.internal.JtaPlatformInitiator:HHH000490: Using JtaPlatform implementation: [org.hibernate.engine.transaction.jta.platform.internal.NoJtaPlatform]
2022-10-14 01:40:33,795 INFO  [restartedMain] org.springframework.orm.jpa.LocalContainerEntityManagerFactoryBean:Initialized JPA EntityManagerFactory for persistence unit 'default'
2022-10-14 01:40:34,943 WARN  [restartedMain] org.springframework.boot.autoconfigure.orm.jpa.JpaBaseConfiguration$JpaWebConfiguration:spring.jpa.open-in-view is enabled by default. Therefore, database queries may be performed during view rendering. Explicitly configure spring.jpa.open-in-view to disable this warning
2022-10-14 01:40:37,399 WARN  [restartedMain] org.springframework.boot.autoconfigure.security.servlet.UserDetailsServiceAutoConfiguration:

Using generated security password: acd75afb-c754-4dfd-8245-c0861bf284f3

This generated password is for development use only. Your security configuration must be updated before running your application in production.

2022-10-14 01:40:37,715 INFO  [restartedMain] org.springframework.boot.actuate.endpoint.web.EndpointLinksResolver:Exposing 1 endpoint(s) beneath base path '/actuator'
2022-10-14 01:40:37,754 INFO  [restartedMain] org.springframework.security.web.DefaultSecurityFilterChain:Will secure any request with [org.springframework.security.web.context.request.async.WebAsyncManagerIntegrationFilter@65c76eba, org.springframework.security.web.context.SecurityContextPersistenceFilter@3b4039a3, org.springframework.security.web.header.HeaderWriterFilter@66864549, org.springframework.web.filter.CorsFilter@6ccae4d5, org.springframework.security.web.csrf.CsrfFilter@2d08ec5b, org.springframework.security.web.authentication.logout.LogoutFilter@74103207, org.springframework.security.web.authentication.UsernamePasswordAuthenticationFilter@7b2e17f2, org.springframework.security.web.authentication.ui.DefaultLoginPageGeneratingFilter@13553b59, org.springframework.security.web.authentication.ui.DefaultLogoutPageGeneratingFilter@4d659808, org.springframework.security.web.authentication.www.BasicAuthenticationFilter@3c33b7ab, org.springframework.security.web.savedrequest.RequestCacheAwareFilter@226b7749, org.springframework.security.web.servletapi.SecurityContextHolderAwareRequestFilter@9d0f611, org.springframework.security.web.authentication.AnonymousAuthenticationFilter@3fc24c57, org.springframework.security.web.session.SessionManagementFilter@10c0a09c, org.springframework.security.web.access.ExceptionTranslationFilter@38023578, org.springframework.security.web.access.intercept.FilterSecurityInterceptor@23ca8870]
2022-10-14 01:40:38,123 INFO  [restartedMain] org.springframework.boot.devtools.autoconfigure.OptionalLiveReloadServer:LiveReload server is running on port 35729
2022-10-14 01:40:38,226 INFO  [restartedMain] org.springframework.boot.web.embedded.tomcat.TomcatWebServer:Tomcat started on port(s): 8080 (http) with context path ''
2022-10-14 01:40:38,268 INFO  [restartedMain] com.RL.ReadLibraryApplication:Started ReadLibraryApplication in 16.451 seconds (JVM running for 20.792)
2022-10-14 01:40:38,729 INFO  [RMI TCP Connection(1)-192.168.1.101] org.apache.catalina.core.ContainerBase.[Tomcat].[localhost].[/]:Initializing Spring DispatcherServlet 'dispatcherServlet'
2022-10-14 01:40:38,730 INFO  [RMI TCP Connection(1)-192.168.1.101] org.springframework.web.servlet.DispatcherServlet:Initializing Servlet 'dispatcherServlet'
2022-10-14 01:40:38,736 INFO  [RMI TCP Connection(1)-192.168.1.101] org.springframework.web.servlet.DispatcherServlet:Completed initialization in 5 ms
2022-10-14 01:43:51,135 INFO  [SpringApplicationShutdownHook] org.springframework.orm.jpa.LocalContainerEntityManagerFactoryBean:Closing JPA EntityManagerFactory for persistence unit 'default'
2022-10-14 01:43:51,147 INFO  [SpringApplicationShutdownHook] com.zaxxer.hikari.HikariDataSource:HikariPool-1 - Shutdown initiated...
2022-10-14 01:43:52,126 INFO  [SpringApplicationShutdownHook] com.zaxxer.hikari.HikariDataSource:HikariPool-1 - Shutdown completed.
2022-10-14 01:44:36,960 INFO  [restartedMain] com.RL.ReadLibraryApplication:Starting ReadLibraryApplication using Java 11.0.15 on DESKTOP-9OGT767 with PID 1060 (C:\Users\pc\IdeaProjects\Read_Library\target\classes started by pc in C:\Users\pc\IdeaProjects\Read_Library)
2022-10-14 01:44:36,964 INFO  [restartedMain] com.RL.ReadLibraryApplication:No active profile set, falling back to 1 default profile: "default"
2022-10-14 01:44:37,144 INFO  [restartedMain] org.springframework.boot.devtools.env.DevToolsPropertyDefaultsPostProcessor:Devtools property defaults active! Set 'spring.devtools.add-properties' to 'false' to disable
2022-10-14 01:44:37,145 INFO  [restartedMain] org.springframework.boot.devtools.env.DevToolsPropertyDefaultsPostProcessor:For additional web related logging consider setting the 'logging.level.web' property to 'DEBUG'
2022-10-14 01:44:39,570 INFO  [restartedMain] org.springframework.data.repository.config.RepositoryConfigurationDelegate:Bootstrapping Spring Data JPA repositories in DEFAULT mode.
2022-10-14 01:44:39,788 INFO  [restartedMain] org.springframework.data.repository.config.RepositoryConfigurationDelegate:Finished Spring Data repository scanning in 193 ms. Found 7 JPA repository interfaces.
2022-10-14 01:44:41,331 INFO  [restartedMain] org.springframework.boot.web.embedded.tomcat.TomcatWebServer:Tomcat initialized with port(s): 8080 (http)
2022-10-14 01:44:41,353 INFO  [restartedMain] org.apache.catalina.core.StandardService:Starting service [Tomcat]
2022-10-14 01:44:41,354 INFO  [restartedMain] org.apache.catalina.core.StandardEngine:Starting Servlet engine: [Apache Tomcat/9.0.65]
2022-10-14 01:44:41,611 INFO  [restartedMain] org.apache.catalina.core.ContainerBase.[Tomcat].[localhost].[/]:Initializing Spring embedded WebApplicationContext
2022-10-14 01:44:41,613 INFO  [restartedMain] org.springframework.boot.web.servlet.context.ServletWebServerApplicationContext:Root WebApplicationContext: initialization completed in 4465 ms
2022-10-14 01:44:42,171 INFO  [restartedMain] org.hibernate.jpa.internal.util.LogHelper:HHH000204: Processing PersistenceUnitInfo [name: default]
2022-10-14 01:44:42,296 INFO  [restartedMain] org.hibernate.Version:HHH000412: Hibernate ORM core version 5.6.11.Final
2022-10-14 01:44:42,645 INFO  [restartedMain] org.hibernate.annotations.common.Version:HCANN000001: Hibernate Commons Annotations {5.1.2.Final}
2022-10-14 01:44:42,892 INFO  [restartedMain] com.zaxxer.hikari.HikariDataSource:HikariPool-1 - Starting...
2022-10-14 01:44:44,473 INFO  [restartedMain] com.zaxxer.hikari.HikariDataSource:HikariPool-1 - Start completed.
2022-10-14 01:44:44,516 INFO  [restartedMain] org.hibernate.dialect.Dialect:HHH000400: Using dialect: org.hibernate.dialect.PostgreSQLDialect
2022-10-14 01:44:47,973 INFO  [restartedMain] org.hibernate.engine.transaction.jta.platform.internal.JtaPlatformInitiator:HHH000490: Using JtaPlatform implementation: [org.hibernate.engine.transaction.jta.platform.internal.NoJtaPlatform]
2022-10-14 01:44:47,988 INFO  [restartedMain] org.springframework.orm.jpa.LocalContainerEntityManagerFactoryBean:Initialized JPA EntityManagerFactory for persistence unit 'default'
2022-10-14 01:44:49,330 WARN  [restartedMain] org.springframework.boot.autoconfigure.orm.jpa.JpaBaseConfiguration$JpaWebConfiguration:spring.jpa.open-in-view is enabled by default. Therefore, database queries may be performed during view rendering. Explicitly configure spring.jpa.open-in-view to disable this warning
2022-10-14 01:44:52,962 WARN  [restartedMain] org.springframework.boot.autoconfigure.security.servlet.UserDetailsServiceAutoConfiguration:

Using generated security password: e4560d88-3132-4e44-86d0-361787d9385f

This generated password is for development use only. Your security configuration must be updated before running your application in production.

2022-10-14 01:44:53,366 INFO  [restartedMain] org.springframework.boot.actuate.endpoint.web.EndpointLinksResolver:Exposing 1 endpoint(s) beneath base path '/actuator'
2022-10-14 01:44:53,451 INFO  [restartedMain] org.springframework.security.web.DefaultSecurityFilterChain:Will secure any request with [org.springframework.security.web.context.request.async.WebAsyncManagerIntegrationFilter@5b2e09b5, org.springframework.security.web.context.SecurityContextPersistenceFilter@665c67fe, org.springframework.security.web.header.HeaderWriterFilter@5ef279b0, org.springframework.web.filter.CorsFilter@294ffafa, org.springframework.security.web.csrf.CsrfFilter@3fc185af, org.springframework.security.web.authentication.logout.LogoutFilter@5909962b, org.springframework.security.web.authentication.UsernamePasswordAuthenticationFilter@511d7ee5, org.springframework.security.web.authentication.ui.DefaultLoginPageGeneratingFilter@6bdf9f49, org.springframework.security.web.authentication.ui.DefaultLogoutPageGeneratingFilter@41dd0880, org.springframework.security.web.authentication.www.BasicAuthenticationFilter@4f14edce, org.springframework.security.web.savedrequest.RequestCacheAwareFilter@f5cff6b, org.springframework.security.web.servletapi.SecurityContextHolderAwareRequestFilter@518ac2f6, org.springframework.security.web.authentication.AnonymousAuthenticationFilter@376457a4, org.springframework.security.web.session.SessionManagementFilter@7df7e1df, org.springframework.security.web.access.ExceptionTranslationFilter@2741978d, org.springframework.security.web.access.intercept.FilterSecurityInterceptor@23e7a9bd]
2022-10-14 01:44:54,194 INFO  [restartedMain] org.springframework.boot.devtools.autoconfigure.OptionalLiveReloadServer:LiveReload server is running on port 35729
2022-10-14 01:44:54,441 INFO  [restartedMain] org.springframework.boot.web.embedded.tomcat.TomcatWebServer:Tomcat started on port(s): 8080 (http) with context path ''
2022-10-14 01:44:54,514 INFO  [restartedMain] com.RL.ReadLibraryApplication:Started ReadLibraryApplication in 19.312 seconds (JVM running for 22.876)
2022-10-14 01:44:55,685 INFO  [RMI TCP Connection(4)-192.168.1.101] org.apache.catalina.core.ContainerBase.[Tomcat].[localhost].[/]:Initializing Spring DispatcherServlet 'dispatcherServlet'
2022-10-14 01:44:55,687 INFO  [RMI TCP Connection(4)-192.168.1.101] org.springframework.web.servlet.DispatcherServlet:Initializing Servlet 'dispatcherServlet'
2022-10-14 01:44:55,693 INFO  [RMI TCP Connection(4)-192.168.1.101] org.springframework.web.servlet.DispatcherServlet:Completed initialization in 5 ms
2022-10-14 01:46:42,361 WARN  [http-nio-8080-exec-1] org.apache.catalina.util.SessionIdGeneratorBase:Creation of SecureRandom instance for session ID generation using [SHA1PRNG] took [313] milliseconds.
2022-10-14 01:51:30,275 INFO  [SpringApplicationShutdownHook] org.springframework.orm.jpa.LocalContainerEntityManagerFactoryBean:Closing JPA EntityManagerFactory for persistence unit 'default'
2022-10-14 01:51:30,285 INFO  [SpringApplicationShutdownHook] com.zaxxer.hikari.HikariDataSource:HikariPool-1 - Shutdown initiated...
2022-10-14 01:51:31,272 INFO  [SpringApplicationShutdownHook] com.zaxxer.hikari.HikariDataSource:HikariPool-1 - Shutdown completed.
2022-10-14 01:52:53,633 INFO  [restartedMain] com.RL.ReadLibraryApplication:Starting ReadLibraryApplication using Java 11.0.15 on DESKTOP-9OGT767 with PID 2232 (C:\Users\pc\IdeaProjects\Read_Library\target\classes started by pc in C:\Users\pc\IdeaProjects\Read_Library)
2022-10-14 01:52:53,635 INFO  [restartedMain] com.RL.ReadLibraryApplication:No active profile set, falling back to 1 default profile: "default"
2022-10-14 01:52:53,745 INFO  [restartedMain] org.springframework.boot.devtools.env.DevToolsPropertyDefaultsPostProcessor:Devtools property defaults active! Set 'spring.devtools.add-properties' to 'false' to disable
2022-10-14 01:52:53,746 INFO  [restartedMain] org.springframework.boot.devtools.env.DevToolsPropertyDefaultsPostProcessor:For additional web related logging consider setting the 'logging.level.web' property to 'DEBUG'
2022-10-14 01:52:56,892 INFO  [restartedMain] org.springframework.data.repository.config.RepositoryConfigurationDelegate:Bootstrapping Spring Data JPA repositories in DEFAULT mode.
2022-10-14 01:52:57,114 INFO  [restartedMain] org.springframework.data.repository.config.RepositoryConfigurationDelegate:Finished Spring Data repository scanning in 202 ms. Found 7 JPA repository interfaces.
2022-10-14 01:52:58,419 INFO  [restartedMain] org.springframework.boot.web.embedded.tomcat.TomcatWebServer:Tomcat initialized with port(s): 8080 (http)
2022-10-14 01:52:58,437 INFO  [restartedMain] org.apache.catalina.core.StandardService:Starting service [Tomcat]
2022-10-14 01:52:58,438 INFO  [restartedMain] org.apache.catalina.core.StandardEngine:Starting Servlet engine: [Apache Tomcat/9.0.65]
2022-10-14 01:52:58,660 INFO  [restartedMain] org.apache.catalina.core.ContainerBase.[Tomcat].[localhost].[/]:Initializing Spring embedded WebApplicationContext
2022-10-14 01:52:58,661 INFO  [restartedMain] org.springframework.boot.web.servlet.context.ServletWebServerApplicationContext:Root WebApplicationContext: initialization completed in 4913 ms
2022-10-14 01:52:59,176 INFO  [restartedMain] org.hibernate.jpa.internal.util.LogHelper:HHH000204: Processing PersistenceUnitInfo [name: default]
2022-10-14 01:52:59,298 INFO  [restartedMain] org.hibernate.Version:HHH000412: Hibernate ORM core version 5.6.11.Final
2022-10-14 01:52:59,586 INFO  [restartedMain] org.hibernate.annotations.common.Version:HCANN000001: Hibernate Commons Annotations {5.1.2.Final}
2022-10-14 01:52:59,852 INFO  [restartedMain] com.zaxxer.hikari.HikariDataSource:HikariPool-1 - Starting...
2022-10-14 01:53:01,515 INFO  [restartedMain] com.zaxxer.hikari.HikariDataSource:HikariPool-1 - Start completed.
2022-10-14 01:53:01,581 INFO  [restartedMain] org.hibernate.dialect.Dialect:HHH000400: Using dialect: org.hibernate.dialect.PostgreSQLDialect
2022-10-14 01:53:05,818 INFO  [restartedMain] org.hibernate.engine.transaction.jta.platform.internal.JtaPlatformInitiator:HHH000490: Using JtaPlatform implementation: [org.hibernate.engine.transaction.jta.platform.internal.NoJtaPlatform]
2022-10-14 01:53:05,840 INFO  [restartedMain] org.springframework.orm.jpa.LocalContainerEntityManagerFactoryBean:Initialized JPA EntityManagerFactory for persistence unit 'default'
2022-10-14 01:53:06,934 WARN  [restartedMain] org.springframework.boot.autoconfigure.orm.jpa.JpaBaseConfiguration$JpaWebConfiguration:spring.jpa.open-in-view is enabled by default. Therefore, database queries may be performed during view rendering. Explicitly configure spring.jpa.open-in-view to disable this warning
2022-10-14 01:53:09,330 INFO  [restartedMain] org.springframework.boot.devtools.autoconfigure.OptionalLiveReloadServer:LiveReload server is running on port 35729
2022-10-14 01:53:09,339 INFO  [restartedMain] org.springframework.boot.actuate.endpoint.web.EndpointLinksResolver:Exposing 1 endpoint(s) beneath base path '/actuator'
2022-10-14 01:53:09,470 INFO  [restartedMain] org.springframework.boot.web.embedded.tomcat.TomcatWebServer:Tomcat started on port(s): 8080 (http) with context path ''
2022-10-14 01:53:09,502 INFO  [restartedMain] com.RL.ReadLibraryApplication:Started ReadLibraryApplication in 17.238 seconds (JVM running for 22.543)
2022-10-14 01:53:10,087 INFO  [RMI TCP Connection(3)-192.168.1.101] org.apache.catalina.core.ContainerBase.[Tomcat].[localhost].[/]:Initializing Spring DispatcherServlet 'dispatcherServlet'
2022-10-14 01:53:10,088 INFO  [RMI TCP Connection(3)-192.168.1.101] org.springframework.web.servlet.DispatcherServlet:Initializing Servlet 'dispatcherServlet'
2022-10-14 01:53:10,092 INFO  [RMI TCP Connection(3)-192.168.1.101] org.springframework.web.servlet.DispatcherServlet:Completed initialization in 3 ms
2022-10-14 01:54:13,718 INFO  [SpringApplicationShutdownHook] org.springframework.orm.jpa.LocalContainerEntityManagerFactoryBean:Closing JPA EntityManagerFactory for persistence unit 'default'
2022-10-14 01:54:13,734 INFO  [SpringApplicationShutdownHook] com.zaxxer.hikari.HikariDataSource:HikariPool-1 - Shutdown initiated...
2022-10-14 01:54:14,784 INFO  [SpringApplicationShutdownHook] com.zaxxer.hikari.HikariDataSource:HikariPool-1 - Shutdown completed.
2022-10-14 02:17:43,376 INFO  [restartedMain] com.RL.ReadLibraryApplication:Starting ReadLibraryApplication using Java 18.0.1.1 on DESKTOP-GFOC2B8 with PID 9104 (C:\Users\Yahya\IdeaProjects\Read-Library\target\classes started by Yahya in C:\Users\Yahya\IdeaProjects\Read-Library)
2022-10-14 02:17:43,378 INFO  [restartedMain] com.RL.ReadLibraryApplication:No active profile set, falling back to 1 default profile: "default"
2022-10-14 02:17:43,542 INFO  [restartedMain] org.springframework.boot.devtools.env.DevToolsPropertyDefaultsPostProcessor:Devtools property defaults active! Set 'spring.devtools.add-properties' to 'false' to disable
2022-10-14 02:17:43,543 INFO  [restartedMain] org.springframework.boot.devtools.env.DevToolsPropertyDefaultsPostProcessor:For additional web related logging consider setting the 'logging.level.web' property to 'DEBUG'
2022-10-14 02:17:45,232 INFO  [restartedMain] org.springframework.data.repository.config.RepositoryConfigurationDelegate:Bootstrapping Spring Data JPA repositories in DEFAULT mode.
2022-10-14 02:17:45,304 INFO  [restartedMain] org.springframework.data.repository.config.RepositoryConfigurationDelegate:Finished Spring Data repository scanning in 60 ms. Found 7 JPA repository interfaces.
2022-10-14 02:17:45,866 INFO  [restartedMain] org.springframework.boot.web.embedded.tomcat.TomcatWebServer:Tomcat initialized with port(s): 8080 (http)
2022-10-14 02:17:45,875 INFO  [restartedMain] org.apache.catalina.core.StandardService:Starting service [Tomcat]
2022-10-14 02:17:45,875 INFO  [restartedMain] org.apache.catalina.core.StandardEngine:Starting Servlet engine: [Apache Tomcat/9.0.65]
2022-10-14 02:17:45,940 INFO  [restartedMain] org.apache.catalina.core.ContainerBase.[Tomcat].[localhost].[/]:Initializing Spring embedded WebApplicationContext
2022-10-14 02:17:45,941 INFO  [restartedMain] org.springframework.boot.web.servlet.context.ServletWebServerApplicationContext:Root WebApplicationContext: initialization completed in 2394 ms
2022-10-14 02:17:46,134 INFO  [restartedMain] org.hibernate.jpa.internal.util.LogHelper:HHH000204: Processing PersistenceUnitInfo [name: default]
2022-10-14 02:17:46,175 INFO  [restartedMain] org.hibernate.Version:HHH000412: Hibernate ORM core version 5.6.11.Final
2022-10-14 02:17:46,306 INFO  [restartedMain] org.hibernate.annotations.common.Version:HCANN000001: Hibernate Commons Annotations {5.1.2.Final}
2022-10-14 02:17:46,398 INFO  [restartedMain] com.zaxxer.hikari.HikariDataSource:HikariPool-1 - Starting...
2022-10-14 02:17:47,739 INFO  [restartedMain] com.zaxxer.hikari.HikariDataSource:HikariPool-1 - Start completed.
2022-10-14 02:17:47,755 INFO  [restartedMain] org.hibernate.dialect.Dialect:HHH000400: Using dialect: org.hibernate.dialect.PostgreSQLDialect
2022-10-14 02:17:51,466 INFO  [restartedMain] org.hibernate.engine.transaction.jta.platform.internal.JtaPlatformInitiator:HHH000490: Using JtaPlatform implementation: [org.hibernate.engine.transaction.jta.platform.internal.NoJtaPlatform]
2022-10-14 02:17:51,472 INFO  [restartedMain] org.springframework.orm.jpa.LocalContainerEntityManagerFactoryBean:Initialized JPA EntityManagerFactory for persistence unit 'default'
2022-10-14 02:17:51,955 WARN  [restartedMain] org.springframework.boot.autoconfigure.orm.jpa.JpaBaseConfiguration$JpaWebConfiguration:spring.jpa.open-in-view is enabled by default. Therefore, database queries may be performed during view rendering. Explicitly configure spring.jpa.open-in-view to disable this warning
2022-10-14 02:17:52,876 INFO  [restartedMain] org.springframework.boot.devtools.autoconfigure.OptionalLiveReloadServer:LiveReload server is running on port 35729
2022-10-14 02:17:52,884 INFO  [restartedMain] org.springframework.boot.actuate.endpoint.web.EndpointLinksResolver:Exposing 1 endpoint(s) beneath base path '/actuator'
2022-10-14 02:17:52,937 WARN  [restartedMain] org.springframework.boot.web.servlet.context.AnnotationConfigServletWebServerApplicationContext:Exception encountered during context initialization - cancelling refresh attempt: org.springframework.context.ApplicationContextException: Failed to start bean 'webServerStartStop'; nested exception is org.springframework.boot.web.server.PortInUseException: Port 8080 is already in use
2022-10-14 02:17:52,945 INFO  [restartedMain] org.springframework.orm.jpa.LocalContainerEntityManagerFactoryBean:Closing JPA EntityManagerFactory for persistence unit 'default'
2022-10-14 02:17:52,949 INFO  [restartedMain] com.zaxxer.hikari.HikariDataSource:HikariPool-1 - Shutdown initiated...
2022-10-14 02:17:53,654 INFO  [restartedMain] com.zaxxer.hikari.HikariDataSource:HikariPool-1 - Shutdown completed.
2022-10-14 02:17:53,657 INFO  [restartedMain] org.apache.catalina.core.StandardService:Stopping service [Tomcat]
2022-10-14 02:17:53,673 INFO  [restartedMain] org.springframework.boot.autoconfigure.logging.ConditionEvaluationReportLoggingListener:

Error starting ApplicationContext. To display the conditions report re-run your application with 'debug' enabled.
2022-10-14 02:17:53,687 ERROR [restartedMain] org.springframework.boot.diagnostics.LoggingFailureAnalysisReporter:

***************************
APPLICATION FAILED TO START
***************************

Description:

Web server failed to start. Port 8080 was already in use.

Action:

Identify and stop the process that's listening on port 8080 or configure this application to listen on another port.

