2022-10-17 10:38:09,650 INFO  [restartedMain] com.RL.ReadLibraryApplication:Starting ReadLibraryApplication using Java 17.0.1 on DESKTOP-93TGBLI with PID 8368 (C:\Users\10\IdeaProjects\Read-Library\target\classes started by 10 in C:\Users\10\IdeaProjects\Read-Library)
2022-10-17 10:38:09,659 INFO  [restartedMain] com.RL.ReadLibraryApplication:No active profile set, falling back to 1 default profile: "default"
2022-10-17 10:38:09,756 INFO  [restartedMain] org.springframework.boot.devtools.env.DevToolsPropertyDefaultsPostProcessor:Devtools property defaults active! Set 'spring.devtools.add-properties' to 'false' to disable
2022-10-17 10:38:09,757 INFO  [restartedMain] org.springframework.boot.devtools.env.DevToolsPropertyDefaultsPostProcessor:For additional web related logging consider setting the 'logging.level.web' property to 'DEBUG'
2022-10-17 10:38:11,989 INFO  [restartedMain] org.springframework.data.repository.config.RepositoryConfigurationDelegate:Bootstrapping Spring Data JPA repositories in DEFAULT mode.
2022-10-17 10:38:12,138 INFO  [restartedMain] org.springframework.data.repository.config.RepositoryConfigurationDelegate:Finished Spring Data repository scanning in 133 ms. Found 7 JPA repository interfaces.
2022-10-17 10:38:13,228 INFO  [restartedMain] org.springframework.boot.web.embedded.tomcat.TomcatWebServer:Tomcat initialized with port(s): 8080 (http)
2022-10-17 10:38:13,244 INFO  [restartedMain] org.apache.catalina.core.StandardService:Starting service [Tomcat]
2022-10-17 10:38:13,246 INFO  [restartedMain] org.apache.catalina.core.StandardEngine:Starting Servlet engine: [Apache Tomcat/9.0.65]
2022-10-17 10:38:13,407 INFO  [restartedMain] org.apache.catalina.core.ContainerBase.[Tomcat].[localhost].[/]:Initializing Spring embedded WebApplicationContext
2022-10-17 10:38:13,407 INFO  [restartedMain] org.springframework.boot.web.servlet.context.ServletWebServerApplicationContext:Root WebApplicationContext: initialization completed in 3647 ms
2022-10-17 10:38:13,826 INFO  [restartedMain] org.hibernate.jpa.internal.util.LogHelper:HHH000204: Processing PersistenceUnitInfo [name: default]
2022-10-17 10:38:13,913 INFO  [restartedMain] org.hibernate.Version:HHH000412: Hibernate ORM core version 5.6.11.Final
2022-10-17 10:38:14,178 INFO  [restartedMain] org.hibernate.annotations.common.Version:HCANN000001: Hibernate Commons Annotations {5.1.2.Final}
2022-10-17 10:38:14,328 INFO  [restartedMain] com.zaxxer.hikari.HikariDataSource:HikariPool-1 - Starting...
2022-10-17 10:38:15,240 INFO  [restartedMain] com.zaxxer.hikari.HikariDataSource:HikariPool-1 - Start completed.
2022-10-17 10:38:15,266 INFO  [restartedMain] org.hibernate.dialect.Dialect:HHH000400: Using dialect: org.hibernate.dialect.PostgreSQLDialect
2022-10-17 10:38:17,651 INFO  [restartedMain] org.hibernate.engine.transaction.jta.platform.internal.JtaPlatformInitiator:HHH000490: Using JtaPlatform implementation: [org.hibernate.engine.transaction.jta.platform.internal.NoJtaPlatform]
2022-10-17 10:38:17,678 INFO  [restartedMain] org.springframework.orm.jpa.LocalContainerEntityManagerFactoryBean:Initialized JPA EntityManagerFactory for persistence unit 'default'
2022-10-17 10:38:18,430 WARN  [restartedMain] org.springframework.boot.autoconfigure.orm.jpa.JpaBaseConfiguration$JpaWebConfiguration:spring.jpa.open-in-view is enabled by default. Therefore, database queries may be performed during view rendering. Explicitly configure spring.jpa.open-in-view to disable this warning
2022-10-17 10:38:19,142 INFO  [restartedMain] org.springframework.security.web.DefaultSecurityFilterChain:Will secure any request with [org.springframework.security.web.context.request.async.WebAsyncManagerIntegrationFilter@129fe860, org.springframework.security.web.context.SecurityContextPersistenceFilter@58298381, org.springframework.security.web.header.HeaderWriterFilter@a916426, org.springframework.security.web.authentication.logout.LogoutFilter@3dca8e58, com.RL.security.jwt.AuthTokenFilter@2fb7aaae, org.springframework.security.web.savedrequest.RequestCacheAwareFilter@4c30a228, org.springframework.security.web.servletapi.SecurityContextHolderAwareRequestFilter@183a287d, org.springframework.security.web.authentication.AnonymousAuthenticationFilter@5193e6e, org.springframework.security.web.session.SessionManagementFilter@7e2dbbe8, org.springframework.security.web.access.ExceptionTranslationFilter@4e37f38d, org.springframework.security.web.access.intercept.FilterSecurityInterceptor@4dbe03ad]
2022-10-17 10:38:21,068 INFO  [restartedMain] org.springframework.boot.devtools.autoconfigure.OptionalLiveReloadServer:LiveReload server is running on port 35729
2022-10-17 10:38:21,078 INFO  [restartedMain] org.springframework.boot.actuate.endpoint.web.EndpointLinksResolver:Exposing 1 endpoint(s) beneath base path '/actuator'
2022-10-17 10:38:21,172 WARN  [restartedMain] org.springframework.boot.web.servlet.context.AnnotationConfigServletWebServerApplicationContext:Exception encountered during context initialization - cancelling refresh attempt: org.springframework.context.ApplicationContextException: Failed to start bean 'webServerStartStop'; nested exception is org.springframework.boot.web.server.PortInUseException: Port 8080 is already in use
2022-10-17 10:38:21,187 INFO  [restartedMain] org.springframework.orm.jpa.LocalContainerEntityManagerFactoryBean:Closing JPA EntityManagerFactory for persistence unit 'default'
2022-10-17 10:38:21,192 INFO  [restartedMain] com.zaxxer.hikari.HikariDataSource:HikariPool-1 - Shutdown initiated...
2022-10-17 10:38:21,473 INFO  [restartedMain] com.zaxxer.hikari.HikariDataSource:HikariPool-1 - Shutdown completed.
2022-10-17 10:38:21,489 INFO  [restartedMain] org.apache.catalina.core.StandardService:Stopping service [Tomcat]
2022-10-17 10:38:21,542 INFO  [restartedMain] org.springframework.boot.autoconfigure.logging.ConditionEvaluationReportLoggingListener:

Error starting ApplicationContext. To display the conditions report re-run your application with 'debug' enabled.
2022-10-17 10:38:21,582 ERROR [restartedMain] org.springframework.boot.diagnostics.LoggingFailureAnalysisReporter:

***************************
APPLICATION FAILED TO START
***************************

Description:

Web server failed to start. Port 8080 was already in use.

Action:

Identify and stop the process that's listening on port 8080 or configure this application to listen on another port.

2022-10-17 10:38:48,821 INFO  [restartedMain] com.RL.ReadLibraryApplication:Starting ReadLibraryApplication using Java 17.0.1 on DESKTOP-93TGBLI with PID 10652 (C:\Users\10\IdeaProjects\Read-Library\target\classes started by 10 in C:\Users\10\IdeaProjects\Read-Library)
2022-10-17 10:38:48,823 INFO  [restartedMain] com.RL.ReadLibraryApplication:No active profile set, falling back to 1 default profile: "default"
2022-10-17 10:38:48,900 INFO  [restartedMain] org.springframework.boot.devtools.env.DevToolsPropertyDefaultsPostProcessor:Devtools property defaults active! Set 'spring.devtools.add-properties' to 'false' to disable
2022-10-17 10:38:48,901 INFO  [restartedMain] org.springframework.boot.devtools.env.DevToolsPropertyDefaultsPostProcessor:For additional web related logging consider setting the 'logging.level.web' property to 'DEBUG'
2022-10-17 10:38:50,825 INFO  [restartedMain] org.springframework.data.repository.config.RepositoryConfigurationDelegate:Bootstrapping Spring Data JPA repositories in DEFAULT mode.
2022-10-17 10:38:50,965 INFO  [restartedMain] org.springframework.data.repository.config.RepositoryConfigurationDelegate:Finished Spring Data repository scanning in 118 ms. Found 7 JPA repository interfaces.
2022-10-17 10:38:51,960 INFO  [restartedMain] org.springframework.boot.web.embedded.tomcat.TomcatWebServer:Tomcat initialized with port(s): 8088 (http)
2022-10-17 10:38:51,972 INFO  [restartedMain] org.apache.catalina.core.StandardService:Starting service [Tomcat]
2022-10-17 10:38:51,973 INFO  [restartedMain] org.apache.catalina.core.StandardEngine:Starting Servlet engine: [Apache Tomcat/9.0.65]
2022-10-17 10:38:52,104 INFO  [restartedMain] org.apache.catalina.core.ContainerBase.[Tomcat].[localhost].[/]:Initializing Spring embedded WebApplicationContext
2022-10-17 10:38:52,105 INFO  [restartedMain] org.springframework.boot.web.servlet.context.ServletWebServerApplicationContext:Root WebApplicationContext: initialization completed in 3203 ms
2022-10-17 10:38:52,500 INFO  [restartedMain] org.hibernate.jpa.internal.util.LogHelper:HHH000204: Processing PersistenceUnitInfo [name: default]
2022-10-17 10:38:52,556 INFO  [restartedMain] org.hibernate.Version:HHH000412: Hibernate ORM core version 5.6.11.Final
2022-10-17 10:38:52,728 INFO  [restartedMain] org.hibernate.annotations.common.Version:HCANN000001: Hibernate Commons Annotations {5.1.2.Final}
2022-10-17 10:38:52,860 INFO  [restartedMain] com.zaxxer.hikari.HikariDataSource:HikariPool-1 - Starting...
2022-10-17 10:38:53,584 INFO  [restartedMain] com.zaxxer.hikari.HikariDataSource:HikariPool-1 - Start completed.
2022-10-17 10:38:53,611 INFO  [restartedMain] org.hibernate.dialect.Dialect:HHH000400: Using dialect: org.hibernate.dialect.PostgreSQLDialect
2022-10-17 10:38:55,906 INFO  [restartedMain] org.hibernate.engine.transaction.jta.platform.internal.JtaPlatformInitiator:HHH000490: Using JtaPlatform implementation: [org.hibernate.engine.transaction.jta.platform.internal.NoJtaPlatform]
2022-10-17 10:38:55,929 INFO  [restartedMain] org.springframework.orm.jpa.LocalContainerEntityManagerFactoryBean:Initialized JPA EntityManagerFactory for persistence unit 'default'
2022-10-17 10:38:56,569 WARN  [restartedMain] org.springframework.boot.autoconfigure.orm.jpa.JpaBaseConfiguration$JpaWebConfiguration:spring.jpa.open-in-view is enabled by default. Therefore, database queries may be performed during view rendering. Explicitly configure spring.jpa.open-in-view to disable this warning
2022-10-17 10:38:57,174 INFO  [restartedMain] org.springframework.security.web.DefaultSecurityFilterChain:Will secure any request with [org.springframework.security.web.context.request.async.WebAsyncManagerIntegrationFilter@1f8bfcf4, org.springframework.security.web.context.SecurityContextPersistenceFilter@6f93b08f, org.springframework.security.web.header.HeaderWriterFilter@5abc8205, org.springframework.security.web.authentication.logout.LogoutFilter@356e7214, com.RL.security.jwt.AuthTokenFilter@6554ae92, org.springframework.security.web.savedrequest.RequestCacheAwareFilter@5ffbfd59, org.springframework.security.web.servletapi.SecurityContextHolderAwareRequestFilter@516943e7, org.springframework.security.web.authentication.AnonymousAuthenticationFilter@73248dee, org.springframework.security.web.session.SessionManagementFilter@5dc6d4ee, org.springframework.security.web.access.ExceptionTranslationFilter@6eb688d7, org.springframework.security.web.access.intercept.FilterSecurityInterceptor@44468702]
2022-10-17 10:38:59,108 INFO  [restartedMain] org.springframework.boot.devtools.autoconfigure.OptionalLiveReloadServer:LiveReload server is running on port 35729
2022-10-17 10:38:59,116 INFO  [restartedMain] org.springframework.boot.actuate.endpoint.web.EndpointLinksResolver:Exposing 1 endpoint(s) beneath base path '/actuator'
2022-10-17 10:38:59,248 INFO  [restartedMain] org.springframework.boot.web.embedded.tomcat.TomcatWebServer:Tomcat started on port(s): 8088 (http) with context path ''
2022-10-17 10:38:59,277 INFO  [restartedMain] com.RL.ReadLibraryApplication:Started ReadLibraryApplication in 11.324 seconds (JVM running for 13.316)
2022-10-17 10:38:59,851 INFO  [RMI TCP Connection(3)-192.168.1.182] org.apache.catalina.core.ContainerBase.[Tomcat].[localhost].[/]:Initializing Spring DispatcherServlet 'dispatcherServlet'
2022-10-17 10:38:59,852 INFO  [RMI TCP Connection(3)-192.168.1.182] org.springframework.web.servlet.DispatcherServlet:Initializing Servlet 'dispatcherServlet'
2022-10-17 10:38:59,856 INFO  [RMI TCP Connection(3)-192.168.1.182] org.springframework.web.servlet.DispatcherServlet:Completed initialization in 4 ms
2022-10-17 10:56:43,560 INFO  [SpringApplicationShutdownHook] org.springframework.orm.jpa.LocalContainerEntityManagerFactoryBean:Closing JPA EntityManagerFactory for persistence unit 'default'
2022-10-17 10:56:43,654 INFO  [SpringApplicationShutdownHook] com.zaxxer.hikari.HikariDataSource:HikariPool-1 - Shutdown initiated...
2022-10-17 10:56:43,960 INFO  [SpringApplicationShutdownHook] com.zaxxer.hikari.HikariDataSource:HikariPool-1 - Shutdown completed.
2022-10-17 10:56:56,454 INFO  [restartedMain] com.RL.ReadLibraryApplication:Starting ReadLibraryApplication using Java 17.0.1 on DESKTOP-93TGBLI with PID 10456 (C:\Users\10\IdeaProjects\Read-Library\target\classes started by 10 in C:\Users\10\IdeaProjects\Read-Library)
2022-10-17 10:56:56,457 INFO  [restartedMain] com.RL.ReadLibraryApplication:No active profile set, falling back to 1 default profile: "default"
2022-10-17 10:56:56,536 INFO  [restartedMain] org.springframework.boot.devtools.env.DevToolsPropertyDefaultsPostProcessor:Devtools property defaults active! Set 'spring.devtools.add-properties' to 'false' to disable
2022-10-17 10:56:56,537 INFO  [restartedMain] org.springframework.boot.devtools.env.DevToolsPropertyDefaultsPostProcessor:For additional web related logging consider setting the 'logging.level.web' property to 'DEBUG'
2022-10-17 10:56:58,746 INFO  [restartedMain] org.springframework.data.repository.config.RepositoryConfigurationDelegate:Bootstrapping Spring Data JPA repositories in DEFAULT mode.
2022-10-17 10:56:58,882 INFO  [restartedMain] org.springframework.data.repository.config.RepositoryConfigurationDelegate:Finished Spring Data repository scanning in 123 ms. Found 7 JPA repository interfaces.
2022-10-17 10:56:59,989 INFO  [restartedMain] org.springframework.boot.web.embedded.tomcat.TomcatWebServer:Tomcat initialized with port(s): 8088 (http)
2022-10-17 10:57:00,011 INFO  [restartedMain] org.apache.catalina.core.StandardService:Starting service [Tomcat]
2022-10-17 10:57:00,013 INFO  [restartedMain] org.apache.catalina.core.StandardEngine:Starting Servlet engine: [Apache Tomcat/9.0.65]
2022-10-17 10:57:00,226 INFO  [restartedMain] org.apache.catalina.core.ContainerBase.[Tomcat].[localhost].[/]:Initializing Spring embedded WebApplicationContext
2022-10-17 10:57:00,227 INFO  [restartedMain] org.springframework.boot.web.servlet.context.ServletWebServerApplicationContext:Root WebApplicationContext: initialization completed in 3689 ms
2022-10-17 10:57:00,628 INFO  [restartedMain] org.hibernate.jpa.internal.util.LogHelper:HHH000204: Processing PersistenceUnitInfo [name: default]
2022-10-17 10:57:00,702 INFO  [restartedMain] org.hibernate.Version:HHH000412: Hibernate ORM core version 5.6.11.Final
2022-10-17 10:57:00,905 INFO  [restartedMain] org.hibernate.annotations.common.Version:HCANN000001: Hibernate Commons Annotations {5.1.2.Final}
2022-10-17 10:57:01,037 INFO  [restartedMain] com.zaxxer.hikari.HikariDataSource:HikariPool-1 - Starting...
2022-10-17 10:57:01,793 INFO  [restartedMain] com.zaxxer.hikari.HikariDataSource:HikariPool-1 - Start completed.
2022-10-17 10:57:01,813 INFO  [restartedMain] org.hibernate.dialect.Dialect:HHH000400: Using dialect: org.hibernate.dialect.PostgreSQLDialect
2022-10-17 10:57:04,099 INFO  [restartedMain] org.hibernate.engine.transaction.jta.platform.internal.JtaPlatformInitiator:HHH000490: Using JtaPlatform implementation: [org.hibernate.engine.transaction.jta.platform.internal.NoJtaPlatform]
2022-10-17 10:57:04,115 INFO  [restartedMain] org.springframework.orm.jpa.LocalContainerEntityManagerFactoryBean:Initialized JPA EntityManagerFactory for persistence unit 'default'
2022-10-17 10:57:04,991 WARN  [restartedMain] org.springframework.boot.autoconfigure.orm.jpa.JpaBaseConfiguration$JpaWebConfiguration:spring.jpa.open-in-view is enabled by default. Therefore, database queries may be performed during view rendering. Explicitly configure spring.jpa.open-in-view to disable this warning
2022-10-17 10:57:05,823 INFO  [restartedMain] org.springframework.security.web.DefaultSecurityFilterChain:Will secure any request with [org.springframework.security.web.context.request.async.WebAsyncManagerIntegrationFilter@7d4230b1, org.springframework.security.web.context.SecurityContextPersistenceFilter@5aa7f237, org.springframework.security.web.header.HeaderWriterFilter@198846f2, org.springframework.security.web.authentication.logout.LogoutFilter@536ad51d, com.RL.security.jwt.AuthTokenFilter@148b79f3, org.springframework.security.web.savedrequest.RequestCacheAwareFilter@6f6afaa5, org.springframework.security.web.servletapi.SecurityContextHolderAwareRequestFilter@58b4142c, org.springframework.security.web.authentication.AnonymousAuthenticationFilter@74d9c55e, org.springframework.security.web.session.SessionManagementFilter@75fba67d, org.springframework.security.web.access.ExceptionTranslationFilter@1985b5e4, org.springframework.security.web.access.intercept.FilterSecurityInterceptor@58b984f5]
2022-10-17 10:57:08,325 INFO  [restartedMain] org.springframework.boot.devtools.autoconfigure.OptionalLiveReloadServer:LiveReload server is running on port 35729
2022-10-17 10:57:08,338 INFO  [restartedMain] org.springframework.boot.actuate.endpoint.web.EndpointLinksResolver:Exposing 1 endpoint(s) beneath base path '/actuator'
2022-10-17 10:57:08,494 INFO  [restartedMain] org.springframework.boot.web.embedded.tomcat.TomcatWebServer:Tomcat started on port(s): 8088 (http) with context path ''
2022-10-17 10:57:08,534 INFO  [restartedMain] com.RL.ReadLibraryApplication:Started ReadLibraryApplication in 12.687 seconds (JVM running for 18.224)
2022-10-17 10:57:17,087 INFO  [http-nio-8088-exec-1] org.apache.catalina.core.ContainerBase.[Tomcat].[localhost].[/]:Initializing Spring DispatcherServlet 'dispatcherServlet'
2022-10-17 10:57:17,087 INFO  [http-nio-8088-exec-1] org.springframework.web.servlet.DispatcherServlet:Initializing Servlet 'dispatcherServlet'
2022-10-17 10:57:17,090 INFO  [http-nio-8088-exec-1] org.springframework.web.servlet.DispatcherServlet:Completed initialization in 2 ms
2022-10-17 10:57:57,488 INFO  [SpringApplicationShutdownHook] org.springframework.orm.jpa.LocalContainerEntityManagerFactoryBean:Closing JPA EntityManagerFactory for persistence unit 'default'
2022-10-17 10:57:57,494 INFO  [SpringApplicationShutdownHook] com.zaxxer.hikari.HikariDataSource:HikariPool-1 - Shutdown initiated...
2022-10-17 10:57:57,780 INFO  [SpringApplicationShutdownHook] com.zaxxer.hikari.HikariDataSource:HikariPool-1 - Shutdown completed.
